<testsuites id="" name="" tests="203" failures="0" skipped="0" errors="0" time="435.200689">
<testsuite name="api-endpoints.spec.ts" timestamp="2025-10-23T08:05:02.271Z" hostname="chromium" tests="8" failures="0" skipped="0" time="77.232" errors="0">
<testcase name="API Endpoints - Cross-Browser Tests › should connect to MongoDB" classname="api-endpoints.spec.ts" time="4.411">
</testcase>
<testcase name="API Endpoints - Cross-Browser Tests › should get all content" classname="api-endpoints.spec.ts" time="4.522">
</testcase>
<testcase name="API Endpoints - Cross-Browser Tests › should get content by slug" classname="api-endpoints.spec.ts" time="7.06">
</testcase>
<testcase name="API Endpoints - Cross-Browser Tests › should submit contact form" classname="api-endpoints.spec.ts" time="52.351">
<system-out>
<![CDATA[
[[ATTACHMENT|api-endpoints-API-Endpoint-2eebc--should-submit-contact-form-chromium-retry1\trace.zip]]
]]>
</system-out>
</testcase>
<testcase name="API Endpoints - Cross-Browser Tests › should get all contacts" classname="api-endpoints.spec.ts" time="0.583">
</testcase>
<testcase name="API Endpoints - Cross-Browser Tests › should send chat message" classname="api-endpoints.spec.ts" time="6.439">
</testcase>
<testcase name="API Endpoints - Cross-Browser Tests › should handle invalid contact submission" classname="api-endpoints.spec.ts" time="1.797">
</testcase>
<testcase name="API Endpoints - Cross-Browser Tests › should handle invalid email" classname="api-endpoints.spec.ts" time="0.069">
</testcase>
</testsuite>
<testsuite name="chat-widget.spec.ts" timestamp="2025-10-23T08:05:02.271Z" hostname="chromium" tests="3" failures="0" skipped="0" time="15.607" errors="0">
<testcase name="Chat Widget - Cross-Browser Tests › should load homepage with chat widget in English" classname="chat-widget.spec.ts" time="4.682">
</testcase>
<testcase name="Chat Widget - Cross-Browser Tests › should load homepage with chat widget in Arabic" classname="chat-widget.spec.ts" time="5.672">
</testcase>
<testcase name="Chat Widget - Cross-Browser Tests › should be responsive on mobile" classname="chat-widget.spec.ts" time="5.253">
</testcase>
</testsuite>
<testsuite name="contact-form.spec.ts" timestamp="2025-10-23T08:05:02.271Z" hostname="chromium" tests="3" failures="0" skipped="0" time="21.174" errors="0">
<testcase name="Contact Form - Cross-Browser Tests › should load contact page in English" classname="contact-form.spec.ts" time="8.712">
</testcase>
<testcase name="Contact Form - Cross-Browser Tests › should load contact page in Arabic with RTL" classname="contact-form.spec.ts" time="7.946">
</testcase>
<testcase name="Contact Form - Cross-Browser Tests › should be responsive on mobile" classname="contact-form.spec.ts" time="4.516">
</testcase>
</testsuite>
<testsuite name="internationalization.spec.ts" timestamp="2025-10-23T08:05:02.271Z" hostname="chromium" tests="8" failures="0" skipped="0" time="39.08" errors="0">
<testcase name="Internationalization - Cross-Browser Tests › should set correct language attribute for English" classname="internationalization.spec.ts" time="4.165">
</testcase>
<testcase name="Internationalization - Cross-Browser Tests › should set correct language attribute for Arabic" classname="internationalization.spec.ts" time="5.239">
</testcase>
<testcase name="Internationalization - Cross-Browser Tests › should set LTR direction for English" classname="internationalization.spec.ts" time="4.669">
</testcase>
<testcase name="Internationalization - Cross-Browser Tests › should set RTL direction for Arabic" classname="internationalization.spec.ts" time="5.094">
</testcase>
<testcase name="Internationalization - Cross-Browser Tests › should maintain locale in URL navigation" classname="internationalization.spec.ts" time="3.664">
</testcase>
<testcase name="Internationalization - Cross-Browser Tests › should handle locale switching" classname="internationalization.spec.ts" time="3.334">
</testcase>
<testcase name="Internationalization - Cross-Browser Tests › should not mix locales in same page" classname="internationalization.spec.ts" time="6.759">
</testcase>
<testcase name="Internationalization - Cross-Browser Tests › should handle invalid locale gracefully" classname="internationalization.spec.ts" time="6.156">
</testcase>
</testsuite>
<testsuite name="page-navigation.spec.ts" timestamp="2025-10-23T08:05:02.271Z" hostname="chromium" tests="7" failures="0" skipped="0" time="28.194" errors="0">
<testcase name="Page Navigation - Cross-Browser Tests › should load English homepage" classname="page-navigation.spec.ts" time="6.178">
</testcase>
<testcase name="Page Navigation - Cross-Browser Tests › should load Arabic homepage" classname="page-navigation.spec.ts" time="4.76">
</testcase>
<testcase name="Page Navigation - Cross-Browser Tests › should redirect root to default locale" classname="page-navigation.spec.ts" time="3.287">
</testcase>
<testcase name="Page Navigation - Cross-Browser Tests › should handle 404 pages" classname="page-navigation.spec.ts" time="3.056">
</testcase>
<testcase name="Page Navigation - Cross-Browser Tests › should load without JavaScript errors" classname="page-navigation.spec.ts" time="4.02">
</testcase>
<testcase name="Page Navigation - Cross-Browser Tests › should be responsive on mobile" classname="page-navigation.spec.ts" time="3.92">
</testcase>
<testcase name="Page Navigation - Cross-Browser Tests › should have proper meta tags" classname="page-navigation.spec.ts" time="2.973">
</testcase>
</testsuite>
<testsuite name="api-endpoints.spec.ts" timestamp="2025-10-23T08:05:02.271Z" hostname="firefox" tests="8" failures="0" skipped="0" time="31.1" errors="0">
<testcase name="API Endpoints - Cross-Browser Tests › should connect to MongoDB" classname="api-endpoints.spec.ts" time="0.534">
</testcase>
<testcase name="API Endpoints - Cross-Browser Tests › should get all content" classname="api-endpoints.spec.ts" time="0.802">
</testcase>
<testcase name="API Endpoints - Cross-Browser Tests › should get content by slug" classname="api-endpoints.spec.ts" time="0.484">
</testcase>
<testcase name="API Endpoints - Cross-Browser Tests › should submit contact form" classname="api-endpoints.spec.ts" time="26.352">
</testcase>
<testcase name="API Endpoints - Cross-Browser Tests › should get all contacts" classname="api-endpoints.spec.ts" time="0.676">
</testcase>
<testcase name="API Endpoints - Cross-Browser Tests › should send chat message" classname="api-endpoints.spec.ts" time="2.135">
</testcase>
<testcase name="API Endpoints - Cross-Browser Tests › should handle invalid contact submission" classname="api-endpoints.spec.ts" time="0.067">
</testcase>
<testcase name="API Endpoints - Cross-Browser Tests › should handle invalid email" classname="api-endpoints.spec.ts" time="0.05">
</testcase>
</testsuite>
<testsuite name="chat-widget.spec.ts" timestamp="2025-10-23T08:05:02.271Z" hostname="firefox" tests="3" failures="0" skipped="0" time="29.358" errors="0">
<testcase name="Chat Widget - Cross-Browser Tests › should load homepage with chat widget in English" classname="chat-widget.spec.ts" time="8.673">
</testcase>
<testcase name="Chat Widget - Cross-Browser Tests › should load homepage with chat widget in Arabic" classname="chat-widget.spec.ts" time="11.05">
</testcase>
<testcase name="Chat Widget - Cross-Browser Tests › should be responsive on mobile" classname="chat-widget.spec.ts" time="9.635">
</testcase>
</testsuite>
<testsuite name="contact-form.spec.ts" timestamp="2025-10-23T08:05:02.271Z" hostname="firefox" tests="3" failures="0" skipped="0" time="14.044" errors="0">
<testcase name="Contact Form - Cross-Browser Tests › should load contact page in English" classname="contact-form.spec.ts" time="4.89">
</testcase>
<testcase name="Contact Form - Cross-Browser Tests › should load contact page in Arabic with RTL" classname="contact-form.spec.ts" time="5.184">
</testcase>
<testcase name="Contact Form - Cross-Browser Tests › should be responsive on mobile" classname="contact-form.spec.ts" time="3.97">
</testcase>
</testsuite>
<testsuite name="internationalization.spec.ts" timestamp="2025-10-23T08:05:02.271Z" hostname="firefox" tests="8" failures="0" skipped="0" time="65.744" errors="0">
<testcase name="Internationalization - Cross-Browser Tests › should set correct language attribute for English" classname="internationalization.spec.ts" time="5.803">
</testcase>
<testcase name="Internationalization - Cross-Browser Tests › should set correct language attribute for Arabic" classname="internationalization.spec.ts" time="6.631">
</testcase>
<testcase name="Internationalization - Cross-Browser Tests › should set LTR direction for English" classname="internationalization.spec.ts" time="8.937">
</testcase>
<testcase name="Internationalization - Cross-Browser Tests › should set RTL direction for Arabic" classname="internationalization.spec.ts" time="9.368">
</testcase>
<testcase name="Internationalization - Cross-Browser Tests › should maintain locale in URL navigation" classname="internationalization.spec.ts" time="13.304">
</testcase>
<testcase name="Internationalization - Cross-Browser Tests › should handle locale switching" classname="internationalization.spec.ts" time="7.318">
</testcase>
<testcase name="Internationalization - Cross-Browser Tests › should not mix locales in same page" classname="internationalization.spec.ts" time="7.479">
</testcase>
<testcase name="Internationalization - Cross-Browser Tests › should handle invalid locale gracefully" classname="internationalization.spec.ts" time="6.904">
</testcase>
</testsuite>
<testsuite name="page-navigation.spec.ts" timestamp="2025-10-23T08:05:02.271Z" hostname="firefox" tests="7" failures="0" skipped="0" time="51.316" errors="0">
<testcase name="Page Navigation - Cross-Browser Tests › should load English homepage" classname="page-navigation.spec.ts" time="7.772">
</testcase>
<testcase name="Page Navigation - Cross-Browser Tests › should load Arabic homepage" classname="page-navigation.spec.ts" time="9.739">
</testcase>
<testcase name="Page Navigation - Cross-Browser Tests › should redirect root to default locale" classname="page-navigation.spec.ts" time="8.385">
</testcase>
<testcase name="Page Navigation - Cross-Browser Tests › should handle 404 pages" classname="page-navigation.spec.ts" time="7.866">
</testcase>
<testcase name="Page Navigation - Cross-Browser Tests › should load without JavaScript errors" classname="page-navigation.spec.ts" time="7.119">
</testcase>
<testcase name="Page Navigation - Cross-Browser Tests › should be responsive on mobile" classname="page-navigation.spec.ts" time="5.394">
</testcase>
<testcase name="Page Navigation - Cross-Browser Tests › should have proper meta tags" classname="page-navigation.spec.ts" time="5.041">
</testcase>
</testsuite>
<testsuite name="api-endpoints.spec.ts" timestamp="2025-10-23T08:05:02.271Z" hostname="webkit" tests="8" failures="0" skipped="0" time="31.834" errors="0">
<testcase name="API Endpoints - Cross-Browser Tests › should connect to MongoDB" classname="api-endpoints.spec.ts" time="0.445">
</testcase>
<testcase name="API Endpoints - Cross-Browser Tests › should get all content" classname="api-endpoints.spec.ts" time="0.849">
</testcase>
<testcase name="API Endpoints - Cross-Browser Tests › should get content by slug" classname="api-endpoints.spec.ts" time="0.705">
</testcase>
<testcase name="API Endpoints - Cross-Browser Tests › should submit contact form" classname="api-endpoints.spec.ts" time="26.259">
</testcase>
<testcase name="API Endpoints - Cross-Browser Tests › should get all contacts" classname="api-endpoints.spec.ts" time="0.797">
</testcase>
<testcase name="API Endpoints - Cross-Browser Tests › should send chat message" classname="api-endpoints.spec.ts" time="2.624">
</testcase>
<testcase name="API Endpoints - Cross-Browser Tests › should handle invalid contact submission" classname="api-endpoints.spec.ts" time="0.081">
</testcase>
<testcase name="API Endpoints - Cross-Browser Tests › should handle invalid email" classname="api-endpoints.spec.ts" time="0.074">
</testcase>
</testsuite>
<testsuite name="chat-widget.spec.ts" timestamp="2025-10-23T08:05:02.271Z" hostname="webkit" tests="3" failures="0" skipped="0" time="19.407" errors="0">
<testcase name="Chat Widget - Cross-Browser Tests › should load homepage with chat widget in English" classname="chat-widget.spec.ts" time="5.968">
</testcase>
<testcase name="Chat Widget - Cross-Browser Tests › should load homepage with chat widget in Arabic" classname="chat-widget.spec.ts" time="7.305">
</testcase>
<testcase name="Chat Widget - Cross-Browser Tests › should be responsive on mobile" classname="chat-widget.spec.ts" time="6.134">
</testcase>
</testsuite>
<testsuite name="contact-form.spec.ts" timestamp="2025-10-23T08:05:02.271Z" hostname="webkit" tests="3" failures="0" skipped="0" time="19.119" errors="0">
<testcase name="Contact Form - Cross-Browser Tests › should load contact page in English" classname="contact-form.spec.ts" time="4.754">
</testcase>
<testcase name="Contact Form - Cross-Browser Tests › should load contact page in Arabic with RTL" classname="contact-form.spec.ts" time="7.468">
</testcase>
<testcase name="Contact Form - Cross-Browser Tests › should be responsive on mobile" classname="contact-form.spec.ts" time="6.897">
</testcase>
</testsuite>
<testsuite name="internationalization.spec.ts" timestamp="2025-10-23T08:05:02.271Z" hostname="webkit" tests="8" failures="0" skipped="0" time="91.823" errors="0">
<testcase name="Internationalization - Cross-Browser Tests › should set correct language attribute for English" classname="internationalization.spec.ts" time="6.096">
</testcase>
<testcase name="Internationalization - Cross-Browser Tests › should set correct language attribute for Arabic" classname="internationalization.spec.ts" time="11.578">
</testcase>
<testcase name="Internationalization - Cross-Browser Tests › should set LTR direction for English" classname="internationalization.spec.ts" time="8.574">
</testcase>
<testcase name="Internationalization - Cross-Browser Tests › should set RTL direction for Arabic" classname="internationalization.spec.ts" time="8.17">
</testcase>
<testcase name="Internationalization - Cross-Browser Tests › should maintain locale in URL navigation" classname="internationalization.spec.ts" time="12.591">
</testcase>
<testcase name="Internationalization - Cross-Browser Tests › should handle locale switching" classname="internationalization.spec.ts" time="17.857">
</testcase>
<testcase name="Internationalization - Cross-Browser Tests › should not mix locales in same page" classname="internationalization.spec.ts" time="13.642">
</testcase>
<testcase name="Internationalization - Cross-Browser Tests › should handle invalid locale gracefully" classname="internationalization.spec.ts" time="13.315">
</testcase>
</testsuite>
<testsuite name="page-navigation.spec.ts" timestamp="2025-10-23T08:05:02.271Z" hostname="webkit" tests="7" failures="0" skipped="0" time="97.398" errors="0">
<testcase name="Page Navigation - Cross-Browser Tests › should load English homepage" classname="page-navigation.spec.ts" time="21.775">
</testcase>
<testcase name="Page Navigation - Cross-Browser Tests › should load Arabic homepage" classname="page-navigation.spec.ts" time="18.618">
</testcase>
<testcase name="Page Navigation - Cross-Browser Tests › should redirect root to default locale" classname="page-navigation.spec.ts" time="13.672">
</testcase>
<testcase name="Page Navigation - Cross-Browser Tests › should handle 404 pages" classname="page-navigation.spec.ts" time="11.655">
</testcase>
<testcase name="Page Navigation - Cross-Browser Tests › should load without JavaScript errors" classname="page-navigation.spec.ts" time="10.222">
</testcase>
<testcase name="Page Navigation - Cross-Browser Tests › should be responsive on mobile" classname="page-navigation.spec.ts" time="11.29">
</testcase>
<testcase name="Page Navigation - Cross-Browser Tests › should have proper meta tags" classname="page-navigation.spec.ts" time="10.166">
</testcase>
</testsuite>
<testsuite name="api-endpoints.spec.ts" timestamp="2025-10-23T08:05:02.271Z" hostname="Mobile Chrome" tests="8" failures="0" skipped="0" time="29.799" errors="0">
<testcase name="API Endpoints - Cross-Browser Tests › should connect to MongoDB" classname="api-endpoints.spec.ts" time="0.72">
</testcase>
<testcase name="API Endpoints - Cross-Browser Tests › should get all content" classname="api-endpoints.spec.ts" time="0.948">
</testcase>
<testcase name="API Endpoints - Cross-Browser Tests › should get content by slug" classname="api-endpoints.spec.ts" time="0.622">
</testcase>
<testcase name="API Endpoints - Cross-Browser Tests › should submit contact form" classname="api-endpoints.spec.ts" time="23.804">
</testcase>
<testcase name="API Endpoints - Cross-Browser Tests › should get all contacts" classname="api-endpoints.spec.ts" time="0.964">
</testcase>
<testcase name="API Endpoints - Cross-Browser Tests › should send chat message" classname="api-endpoints.spec.ts" time="2.551">
</testcase>
<testcase name="API Endpoints - Cross-Browser Tests › should handle invalid contact submission" classname="api-endpoints.spec.ts" time="0.107">
</testcase>
<testcase name="API Endpoints - Cross-Browser Tests › should handle invalid email" classname="api-endpoints.spec.ts" time="0.083">
</testcase>
</testsuite>
<testsuite name="chat-widget.spec.ts" timestamp="2025-10-23T08:05:02.271Z" hostname="Mobile Chrome" tests="3" failures="0" skipped="0" time="19.221" errors="0">
<testcase name="Chat Widget - Cross-Browser Tests › should load homepage with chat widget in English" classname="chat-widget.spec.ts" time="4.285">
</testcase>
<testcase name="Chat Widget - Cross-Browser Tests › should load homepage with chat widget in Arabic" classname="chat-widget.spec.ts" time="9.132">
</testcase>
<testcase name="Chat Widget - Cross-Browser Tests › should be responsive on mobile" classname="chat-widget.spec.ts" time="5.804">
</testcase>
</testsuite>
<testsuite name="contact-form.spec.ts" timestamp="2025-10-23T08:05:02.271Z" hostname="Mobile Chrome" tests="3" failures="0" skipped="0" time="14.446" errors="0">
<testcase name="Contact Form - Cross-Browser Tests › should load contact page in English" classname="contact-form.spec.ts" time="4.659">
</testcase>
<testcase name="Contact Form - Cross-Browser Tests › should load contact page in Arabic with RTL" classname="contact-form.spec.ts" time="5.585">
</testcase>
<testcase name="Contact Form - Cross-Browser Tests › should be responsive on mobile" classname="contact-form.spec.ts" time="4.202">
</testcase>
</testsuite>
<testsuite name="internationalization.spec.ts" timestamp="2025-10-23T08:05:02.271Z" hostname="Mobile Chrome" tests="8" failures="0" skipped="0" time="51.057" errors="0">
<testcase name="Internationalization - Cross-Browser Tests › should set correct language attribute for English" classname="internationalization.spec.ts" time="5.543">
</testcase>
<testcase name="Internationalization - Cross-Browser Tests › should set correct language attribute for Arabic" classname="internationalization.spec.ts" time="7.918">
</testcase>
<testcase name="Internationalization - Cross-Browser Tests › should set LTR direction for English" classname="internationalization.spec.ts" time="6.552">
</testcase>
<testcase name="Internationalization - Cross-Browser Tests › should set RTL direction for Arabic" classname="internationalization.spec.ts" time="7.9">
</testcase>
<testcase name="Internationalization - Cross-Browser Tests › should maintain locale in URL navigation" classname="internationalization.spec.ts" time="6.868">
</testcase>
<testcase name="Internationalization - Cross-Browser Tests › should handle locale switching" classname="internationalization.spec.ts" time="7.1">
</testcase>
<testcase name="Internationalization - Cross-Browser Tests › should not mix locales in same page" classname="internationalization.spec.ts" time="6.137">
</testcase>
<testcase name="Internationalization - Cross-Browser Tests › should handle invalid locale gracefully" classname="internationalization.spec.ts" time="3.039">
</testcase>
</testsuite>
<testsuite name="page-navigation.spec.ts" timestamp="2025-10-23T08:05:02.271Z" hostname="Mobile Chrome" tests="7" failures="0" skipped="0" time="50.307" errors="0">
<testcase name="Page Navigation - Cross-Browser Tests › should load English homepage" classname="page-navigation.spec.ts" time="8.314">
</testcase>
<testcase name="Page Navigation - Cross-Browser Tests › should load Arabic homepage" classname="page-navigation.spec.ts" time="8.722">
</testcase>
<testcase name="Page Navigation - Cross-Browser Tests › should redirect root to default locale" classname="page-navigation.spec.ts" time="6.439">
</testcase>
<testcase name="Page Navigation - Cross-Browser Tests › should handle 404 pages" classname="page-navigation.spec.ts" time="6.37">
</testcase>
<testcase name="Page Navigation - Cross-Browser Tests › should load without JavaScript errors" classname="page-navigation.spec.ts" time="6.693">
</testcase>
<testcase name="Page Navigation - Cross-Browser Tests › should be responsive on mobile" classname="page-navigation.spec.ts" time="6.658">
</testcase>
<testcase name="Page Navigation - Cross-Browser Tests › should have proper meta tags" classname="page-navigation.spec.ts" time="7.111">
</testcase>
</testsuite>
<testsuite name="api-endpoints.spec.ts" timestamp="2025-10-23T08:05:02.271Z" hostname="Mobile Safari" tests="8" failures="0" skipped="0" time="126.057" errors="0">
<testcase name="API Endpoints - Cross-Browser Tests › should connect to MongoDB" classname="api-endpoints.spec.ts" time="0.719">
</testcase>
<testcase name="API Endpoints - Cross-Browser Tests › should get all content" classname="api-endpoints.spec.ts" time="0.871">
</testcase>
<testcase name="API Endpoints - Cross-Browser Tests › should get content by slug" classname="api-endpoints.spec.ts" time="0.661">
</testcase>
<testcase name="API Endpoints - Cross-Browser Tests › should submit contact form" classname="api-endpoints.spec.ts" time="117.637">
<system-out>
<![CDATA[
[[ATTACHMENT|api-endpoints-API-Endpoint-2eebc--should-submit-contact-form-Mobile-Safari-retry1\trace.zip]]
]]>
</system-out>
</testcase>
<testcase name="API Endpoints - Cross-Browser Tests › should get all contacts" classname="api-endpoints.spec.ts" time="2.047">
</testcase>
<testcase name="API Endpoints - Cross-Browser Tests › should send chat message" classname="api-endpoints.spec.ts" time="3.882">
</testcase>
<testcase name="API Endpoints - Cross-Browser Tests › should handle invalid contact submission" classname="api-endpoints.spec.ts" time="0.108">
</testcase>
<testcase name="API Endpoints - Cross-Browser Tests › should handle invalid email" classname="api-endpoints.spec.ts" time="0.132">
</testcase>
</testsuite>
<testsuite name="chat-widget.spec.ts" timestamp="2025-10-23T08:05:02.271Z" hostname="Mobile Safari" tests="3" failures="0" skipped="0" time="19.399" errors="0">
<testcase name="Chat Widget - Cross-Browser Tests › should load homepage with chat widget in English" classname="chat-widget.spec.ts" time="4.27">
</testcase>
<testcase name="Chat Widget - Cross-Browser Tests › should load homepage with chat widget in Arabic" classname="chat-widget.spec.ts" time="8.407">
</testcase>
<testcase name="Chat Widget - Cross-Browser Tests › should be responsive on mobile" classname="chat-widget.spec.ts" time="6.722">
</testcase>
</testsuite>
<testsuite name="contact-form.spec.ts" timestamp="2025-10-23T08:05:02.271Z" hostname="Mobile Safari" tests="3" failures="0" skipped="0" time="17.997" errors="0">
<testcase name="Contact Form - Cross-Browser Tests › should load contact page in English" classname="contact-form.spec.ts" time="5.568">
</testcase>
<testcase name="Contact Form - Cross-Browser Tests › should load contact page in Arabic with RTL" classname="contact-form.spec.ts" time="6.861">
</testcase>
<testcase name="Contact Form - Cross-Browser Tests › should be responsive on mobile" classname="contact-form.spec.ts" time="5.568">
</testcase>
</testsuite>
<testsuite name="internationalization.spec.ts" timestamp="2025-10-23T08:05:02.271Z" hostname="Mobile Safari" tests="8" failures="0" skipped="0" time="51.063" errors="0">
<testcase name="Internationalization - Cross-Browser Tests › should set correct language attribute for English" classname="internationalization.spec.ts" time="4.636">
</testcase>
<testcase name="Internationalization - Cross-Browser Tests › should set correct language attribute for Arabic" classname="internationalization.spec.ts" time="8.565">
</testcase>
<testcase name="Internationalization - Cross-Browser Tests › should set LTR direction for English" classname="internationalization.spec.ts" time="6.996">
</testcase>
<testcase name="Internationalization - Cross-Browser Tests › should set RTL direction for Arabic" classname="internationalization.spec.ts" time="7.437">
</testcase>
<testcase name="Internationalization - Cross-Browser Tests › should maintain locale in URL navigation" classname="internationalization.spec.ts" time="6.441">
</testcase>
<testcase name="Internationalization - Cross-Browser Tests › should handle locale switching" classname="internationalization.spec.ts" time="6.373">
</testcase>
<testcase name="Internationalization - Cross-Browser Tests › should not mix locales in same page" classname="internationalization.spec.ts" time="5.465">
</testcase>
<testcase name="Internationalization - Cross-Browser Tests › should handle invalid locale gracefully" classname="internationalization.spec.ts" time="5.15">
</testcase>
</testsuite>
<testsuite name="page-navigation.spec.ts" timestamp="2025-10-23T08:05:02.271Z" hostname="Mobile Safari" tests="7" failures="0" skipped="0" time="50.12" errors="0">
<testcase name="Page Navigation - Cross-Browser Tests › should load English homepage" classname="page-navigation.spec.ts" time="8.267">
</testcase>
<testcase name="Page Navigation - Cross-Browser Tests › should load Arabic homepage" classname="page-navigation.spec.ts" time="8.157">
</testcase>
<testcase name="Page Navigation - Cross-Browser Tests › should redirect root to default locale" classname="page-navigation.spec.ts" time="5.521">
</testcase>
<testcase name="Page Navigation - Cross-Browser Tests › should handle 404 pages" classname="page-navigation.spec.ts" time="6.97">
</testcase>
<testcase name="Page Navigation - Cross-Browser Tests › should load without JavaScript errors" classname="page-navigation.spec.ts" time="6.945">
</testcase>
<testcase name="Page Navigation - Cross-Browser Tests › should be responsive on mobile" classname="page-navigation.spec.ts" time="6.752">
</testcase>
<testcase name="Page Navigation - Cross-Browser Tests › should have proper meta tags" classname="page-navigation.spec.ts" time="7.508">
</testcase>
</testsuite>
<testsuite name="api-endpoints.spec.ts" timestamp="2025-10-23T08:05:02.271Z" hostname="Microsoft Edge" tests="8" failures="0" skipped="0" time="68.275" errors="0">
<testcase name="API Endpoints - Cross-Browser Tests › should connect to MongoDB" classname="api-endpoints.spec.ts" time="0.63">
</testcase>
<testcase name="API Endpoints - Cross-Browser Tests › should get all content" classname="api-endpoints.spec.ts" time="2.164">
</testcase>
<testcase name="API Endpoints - Cross-Browser Tests › should get content by slug" classname="api-endpoints.spec.ts" time="0.719">
</testcase>
<testcase name="API Endpoints - Cross-Browser Tests › should submit contact form" classname="api-endpoints.spec.ts" time="56.695">
<system-out>
<![CDATA[
[[ATTACHMENT|api-endpoints-API-Endpoint-2eebc--should-submit-contact-form-Microsoft-Edge-retry1\trace.zip]]
]]>
</system-out>
</testcase>
<testcase name="API Endpoints - Cross-Browser Tests › should get all contacts" classname="api-endpoints.spec.ts" time="4.619">
</testcase>
<testcase name="API Endpoints - Cross-Browser Tests › should send chat message" classname="api-endpoints.spec.ts" time="3.193">
</testcase>
<testcase name="API Endpoints - Cross-Browser Tests › should handle invalid contact submission" classname="api-endpoints.spec.ts" time="0.134">
</testcase>
<testcase name="API Endpoints - Cross-Browser Tests › should handle invalid email" classname="api-endpoints.spec.ts" time="0.121">
</testcase>
</testsuite>
<testsuite name="chat-widget.spec.ts" timestamp="2025-10-23T08:05:02.271Z" hostname="Microsoft Edge" tests="3" failures="0" skipped="0" time="25.359" errors="0">
<testcase name="Chat Widget - Cross-Browser Tests › should load homepage with chat widget in English" classname="chat-widget.spec.ts" time="9.5">
</testcase>
<testcase name="Chat Widget - Cross-Browser Tests › should load homepage with chat widget in Arabic" classname="chat-widget.spec.ts" time="10.534">
</testcase>
<testcase name="Chat Widget - Cross-Browser Tests › should be responsive on mobile" classname="chat-widget.spec.ts" time="5.325">
</testcase>
</testsuite>
<testsuite name="contact-form.spec.ts" timestamp="2025-10-23T08:05:02.271Z" hostname="Microsoft Edge" tests="3" failures="0" skipped="0" time="15.276" errors="0">
<testcase name="Contact Form - Cross-Browser Tests › should load contact page in English" classname="contact-form.spec.ts" time="6.748">
</testcase>
<testcase name="Contact Form - Cross-Browser Tests › should load contact page in Arabic with RTL" classname="contact-form.spec.ts" time="5.244">
</testcase>
<testcase name="Contact Form - Cross-Browser Tests › should be responsive on mobile" classname="contact-form.spec.ts" time="3.284">
</testcase>
</testsuite>
<testsuite name="internationalization.spec.ts" timestamp="2025-10-23T08:05:02.271Z" hostname="Microsoft Edge" tests="8" failures="0" skipped="0" time="32.395" errors="0">
<testcase name="Internationalization - Cross-Browser Tests › should set correct language attribute for English" classname="internationalization.spec.ts" time="2.728">
</testcase>
<testcase name="Internationalization - Cross-Browser Tests › should set correct language attribute for Arabic" classname="internationalization.spec.ts" time="4.754">
</testcase>
<testcase name="Internationalization - Cross-Browser Tests › should set LTR direction for English" classname="internationalization.spec.ts" time="4.603">
</testcase>
<testcase name="Internationalization - Cross-Browser Tests › should set RTL direction for Arabic" classname="internationalization.spec.ts" time="4.225">
</testcase>
<testcase name="Internationalization - Cross-Browser Tests › should maintain locale in URL navigation" classname="internationalization.spec.ts" time="3.631">
</testcase>
<testcase name="Internationalization - Cross-Browser Tests › should handle locale switching" classname="internationalization.spec.ts" time="4.32">
</testcase>
<testcase name="Internationalization - Cross-Browser Tests › should not mix locales in same page" classname="internationalization.spec.ts" time="3.787">
</testcase>
<testcase name="Internationalization - Cross-Browser Tests › should handle invalid locale gracefully" classname="internationalization.spec.ts" time="4.347">
</testcase>
</testsuite>
<testsuite name="page-navigation.spec.ts" timestamp="2025-10-23T08:05:02.271Z" hostname="Microsoft Edge" tests="7" failures="0" skipped="0" time="27.612" errors="0">
<testcase name="Page Navigation - Cross-Browser Tests › should load English homepage" classname="page-navigation.spec.ts" time="5.093">
</testcase>
<testcase name="Page Navigation - Cross-Browser Tests › should load Arabic homepage" classname="page-navigation.spec.ts" time="5.175">
</testcase>
<testcase name="Page Navigation - Cross-Browser Tests › should redirect root to default locale" classname="page-navigation.spec.ts" time="3.814">
</testcase>
<testcase name="Page Navigation - Cross-Browser Tests › should handle 404 pages" classname="page-navigation.spec.ts" time="3.25">
</testcase>
<testcase name="Page Navigation - Cross-Browser Tests › should load without JavaScript errors" classname="page-navigation.spec.ts" time="2.839">
</testcase>
<testcase name="Page Navigation - Cross-Browser Tests › should be responsive on mobile" classname="page-navigation.spec.ts" time="3.706">
</testcase>
<testcase name="Page Navigation - Cross-Browser Tests › should have proper meta tags" classname="page-navigation.spec.ts" time="3.735">
</testcase>
</testsuite>
<testsuite name="api-endpoints.spec.ts" timestamp="2025-10-23T08:05:02.271Z" hostname="Google Chrome" tests="8" failures="0" skipped="0" time="71.634" errors="0">
<testcase name="API Endpoints - Cross-Browser Tests › should connect to MongoDB" classname="api-endpoints.spec.ts" time="0.646">
</testcase>
<testcase name="API Endpoints - Cross-Browser Tests › should get all content" classname="api-endpoints.spec.ts" time="2.858">
</testcase>
<testcase name="API Endpoints - Cross-Browser Tests › should get content by slug" classname="api-endpoints.spec.ts" time="0.419">
</testcase>
<testcase name="API Endpoints - Cross-Browser Tests › should submit contact form" classname="api-endpoints.spec.ts" time="60.096">
<system-out>
<![CDATA[
[[ATTACHMENT|api-endpoints-API-Endpoint-2eebc--should-submit-contact-form-Google-Chrome-retry1\trace.zip]]
]]>
</system-out>
</testcase>
<testcase name="API Endpoints - Cross-Browser Tests › should get all contacts" classname="api-endpoints.spec.ts" time="1.505">
</testcase>
<testcase name="API Endpoints - Cross-Browser Tests › should send chat message" classname="api-endpoints.spec.ts" time="5.844">
</testcase>
<testcase name="API Endpoints - Cross-Browser Tests › should handle invalid contact submission" classname="api-endpoints.spec.ts" time="0.165">
</testcase>
<testcase name="API Endpoints - Cross-Browser Tests › should handle invalid email" classname="api-endpoints.spec.ts" time="0.101">
</testcase>
</testsuite>
<testsuite name="chat-widget.spec.ts" timestamp="2025-10-23T08:05:02.271Z" hostname="Google Chrome" tests="3" failures="0" skipped="0" time="22.763" errors="0">
<testcase name="Chat Widget - Cross-Browser Tests › should load homepage with chat widget in English" classname="chat-widget.spec.ts" time="7.221">
</testcase>
<testcase name="Chat Widget - Cross-Browser Tests › should load homepage with chat widget in Arabic" classname="chat-widget.spec.ts" time="7.457">
</testcase>
<testcase name="Chat Widget - Cross-Browser Tests › should be responsive on mobile" classname="chat-widget.spec.ts" time="8.085">
</testcase>
</testsuite>
<testsuite name="contact-form.spec.ts" timestamp="2025-10-23T08:05:02.271Z" hostname="Google Chrome" tests="3" failures="0" skipped="0" time="18.422" errors="0">
<testcase name="Contact Form - Cross-Browser Tests › should load contact page in English" classname="contact-form.spec.ts" time="6.164">
</testcase>
<testcase name="Contact Form - Cross-Browser Tests › should load contact page in Arabic with RTL" classname="contact-form.spec.ts" time="5.289">
</testcase>
<testcase name="Contact Form - Cross-Browser Tests › should be responsive on mobile" classname="contact-form.spec.ts" time="6.969">
</testcase>
</testsuite>
<testsuite name="internationalization.spec.ts" timestamp="2025-10-23T08:05:02.271Z" hostname="Google Chrome" tests="8" failures="0" skipped="0" time="41.193" errors="0">
<testcase name="Internationalization - Cross-Browser Tests › should set correct language attribute for English" classname="internationalization.spec.ts" time="6.716">
</testcase>
<testcase name="Internationalization - Cross-Browser Tests › should set correct language attribute for Arabic" classname="internationalization.spec.ts" time="6.584">
</testcase>
<testcase name="Internationalization - Cross-Browser Tests › should set LTR direction for English" classname="internationalization.spec.ts" time="5.546">
</testcase>
<testcase name="Internationalization - Cross-Browser Tests › should set RTL direction for Arabic" classname="internationalization.spec.ts" time="5.276">
</testcase>
<testcase name="Internationalization - Cross-Browser Tests › should maintain locale in URL navigation" classname="internationalization.spec.ts" time="4.532">
</testcase>
<testcase name="Internationalization - Cross-Browser Tests › should handle locale switching" classname="internationalization.spec.ts" time="4.687">
</testcase>
<testcase name="Internationalization - Cross-Browser Tests › should not mix locales in same page" classname="internationalization.spec.ts" time="4.071">
</testcase>
<testcase name="Internationalization - Cross-Browser Tests › should handle invalid locale gracefully" classname="internationalization.spec.ts" time="3.781">
</testcase>
</testsuite>
<testsuite name="page-navigation.spec.ts" timestamp="2025-10-23T08:05:02.271Z" hostname="Google Chrome" tests="7" failures="0" skipped="0" time="38.02" errors="0">
<testcase name="Page Navigation - Cross-Browser Tests › should load English homepage" classname="page-navigation.spec.ts" time="7.29">
</testcase>
<testcase name="Page Navigation - Cross-Browser Tests › should load Arabic homepage" classname="page-navigation.spec.ts" time="7.525">
</testcase>
<testcase name="Page Navigation - Cross-Browser Tests › should redirect root to default locale" classname="page-navigation.spec.ts" time="7.171">
</testcase>
<testcase name="Page Navigation - Cross-Browser Tests › should handle 404 pages" classname="page-navigation.spec.ts" time="4.654">
</testcase>
<testcase name="Page Navigation - Cross-Browser Tests › should load without JavaScript errors" classname="page-navigation.spec.ts" time="4.395">
</testcase>
<testcase name="Page Navigation - Cross-Browser Tests › should be responsive on mobile" classname="page-navigation.spec.ts" time="4.229">
</testcase>
<testcase name="Page Navigation - Cross-Browser Tests › should have proper meta tags" classname="page-navigation.spec.ts" time="2.756">
</testcase>
</testsuite>
</testsuites>